You messed up!You messed up!You messed up!You messed up!You messed up!You messed up!You messed up!You messed up!You messed up!The email address email is invalied.
The email address mo'connor@cat.net.nz is invalied.
The email address sam!@walters.org is invalied.
The email address edward@jikes@com.au is invalied.
The email address email is invalid.
The email address email is invalid.
The email address email is invalid.
The email address email is invalid.
The email address email is invalid.
The email address email is invalid.
The email address email is invalid.
The email address email is invalid.
The email address email is invalid.
The email address mo'connor@cat.net.nz is invalid.
The email address sam!@walters.org is invalid.
The email address edward@jikes@com.au is invalid.
The email address email is invalid.
The email address email is invalid.
The email address mo'connor@cat.net.nz is invalid.
The email address sam!@walters.org is invalid.
The email address edward@jikes@com.au is invalid.
The email address email is invalid.
The email address mo'connor@cat.net.nz is invalid.
The email address sam!@walters.org is invalid.
The email address edward@jikes@com.au is invalid.
The email address email is invalid.
The email address mo'connor@cat.net.nz is invalid.
The email address sam!@walters.org is invalid.
The email address edward@jikes@com.au is invalid.
The email address email is invalid.
The email address mo'connor@cat.net.nz is invalid.
The email address sam!@walters.org is invalid.
The email address edward@jikes@com.au is invalid.
The email address sam!@walters.org is invalid.
The email address  is invalid.
The email address mo'connor@cat.net.nz is invalid.
The email address sam!@walters.org is invalid.
The email address edward@jikes@com.au is invalid.
The email address mo'connor@cat.net.nz is invalid.
The email address sam!@walters.org is invalid.
The email address edward@jikes@com.au is invalid.
The email address mo'connor@cat.net.nz is invalid.
The email address sam!@walters.org is invalid.
The email address edward@jikes@com.au is invalid.
The email address mo'connor@cat.net.nz is invalid.
The email address sam!@walters.org is invalid.
The email address edward@jikes@com.au is invalid.
The email address mo'connor@cat.net.nz is invalid.
The email address sam!@walters.org is invalid.
The email address edward@jikes@com.au is invalid.
The email address mo'connor@cat.net.nz is invalid.
The email address sam!@walters.org is invalid.
The email address edward@jikes@com.au is invalid.
The email address mo'connor@cat.net.nz is invalid.
The email address sam!@walters.org is invalid.
The email address edward@jikes@com.au is invalid.
The email address mo'connor@cat.net.nz is invalid.
The email address sam!@walters.org is invalid.
The email address edward@jikes@com.au is invalid.
The email address mo'connor@cat.net.nz is invalid.
The email address sam!@walters.org is invalid.
The email address edward@jikes@com.au is invalid.
The email address mo'connor@cat.net.nz is invalid.
The email address sam!@walters.org is invalid.
The email address edward@jikes@com.au is invalid.
The email address mo'connor@cat.net.nz is invalid.
The email address sam!@walters.org is invalid.
The email address edward@jikes@com.au is invalid.
The email address mo'connor@cat.net.nz is invalid.
The email address sam!@walters.org is invalid.
The email address edward@jikes@com.au is invalid.
The email address mo'connor@cat.net.nz is invalid.
The email address sam!@walters.org is invalid.
The email address edward@jikes@com.au is invalid.
